./fq/p0	PD2M-LSJ-BHX011	./fq/p0/PD2M-LSJ-BHX011.1.fq.gz
./fq/p0	PD2M-LSJ-BHX019	./fq/p0/PD2M-LSJ-BHX019.1.fq.gz
./fq/f1	A1_1_0000.A1.GZXJ03	./fq/f1/A1_1_0000.A1.GZXJ03.1.fq.gz
./fq/f1	A1_1_0000.A2.GZXJ04	./fq/f1/A1_1_0000.A2.GZXJ04.1.fq.gz
./fq/f1	A1_1_0000.A3.GZXJ05	./fq/f1/A1_1_0000.A3.GZXJ05.1.fq.gz
./fq/f1	A1_1_0000.A4.GZXJ06	./fq/f1/A1_1_0000.A4.GZXJ06.1.fq.gz
./fq/f1	A1_1_210210.A1.GZXJ03	./fq/f1/A1_1_210210.A1.GZXJ03.1.fq.gz
./fq/f1	A1_1_210210.A2.GZXJ04	./fq/f1/A1_1_210210.A2.GZXJ04.1.fq.gz
./fq/f1	A1_1_210210.A3.GZXJ05	./fq/f1/A1_1_210210.A3.GZXJ05.1.fq.gz
./fq/f1	A1_1_210210.A4.GZXJ06	./fq/f1/A1_1_210210.A4.GZXJ06.1.fq.gz
./fq/f1	B1_2_0000.B1.GZXJ26	./fq/f1/B1_2_0000.B1.GZXJ26.1.fq.gz
./fq/f1	B1_2_0000.B2.GZXJ27	./fq/f1/B1_2_0000.B2.GZXJ27.1.fq.gz
./fq/f1	B1_2_0000.B3.GZXJ28	./fq/f1/B1_2_0000.B3.GZXJ28.1.fq.gz
./fq/f1	B1_2_0000.B4.GZXJ29	./fq/f1/B1_2_0000.B4.GZXJ29.1.fq.gz
./fq/f1	B1_2_210210.B1.GZXJ26	./fq/f1/B1_2_210210.B1.GZXJ26.1.fq.gz
./fq/f1	B1_2_210210.B2.GZXJ27	./fq/f1/B1_2_210210.B2.GZXJ27.1.fq.gz
./fq/f1	B1_2_210210.B3.GZXJ28	./fq/f1/B1_2_210210.B3.GZXJ28.1.fq.gz
./fq/f1	B1_2_210210.B4.GZXJ29	./fq/f1/B1_2_210210.B4.GZXJ29.1.fq.gz
./fq/f1	C1_3_0000.C1.GZXJ30	./fq/f1/C1_3_0000.C1.GZXJ30.1.fq.gz
./fq/f1	C1_3_0000.C2.GZXJ31	./fq/f1/C1_3_0000.C2.GZXJ31.1.fq.gz
./fq/f1	C1_3_0000.C3.GZXJ32	./fq/f1/C1_3_0000.C3.GZXJ32.1.fq.gz
./fq/f1	C1_3_0000.C4.GZXJ33	./fq/f1/C1_3_0000.C4.GZXJ33.1.fq.gz
./fq/f1	C1_3_210210.C1.GZXJ30	./fq/f1/C1_3_210210.C1.GZXJ30.1.fq.gz
./fq/f1	C1_3_210210.C2.GZXJ31	./fq/f1/C1_3_210210.C2.GZXJ31.1.fq.gz
./fq/f1	C1_3_210210.C3.GZXJ32	./fq/f1/C1_3_210210.C3.GZXJ32.1.fq.gz
./fq/f1	C1_3_210210.C4.GZXJ33	./fq/f1/C1_3_210210.C4.GZXJ33.1.fq.gz
./fq/f1	d1_4_0000.D1.GZXJ36	./fq/f1/d1_4_0000.D1.GZXJ36.1.fq.gz
./fq/f1	d1_4_0000.D2.GZXJ37	./fq/f1/d1_4_0000.D2.GZXJ37.1.fq.gz
./fq/f1	d1_4_0000.D3.GZXJ38	./fq/f1/d1_4_0000.D3.GZXJ38.1.fq.gz
./fq/f1	d1_4_0000.D4.JHH001	./fq/f1/d1_4_0000.D4.JHH001.1.fq.gz
./fq/f1	d1_4_210210.D1.GZXJ36	./fq/f1/d1_4_210210.D1.GZXJ36.1.fq.gz
./fq/f1	d1_4_210210.D2.GZXJ37	./fq/f1/d1_4_210210.D2.GZXJ37.1.fq.gz
./fq/f1	d1_4_210210.D3.GZXJ38	./fq/f1/d1_4_210210.D3.GZXJ38.1.fq.gz
./fq/f1	d1_4_210210.D4.JHH001	./fq/f1/d1_4_210210.D4.JHH001.1.fq.gz
