     1	13FG	Ref:1806938 1807137 1807337 Vir:- 108 287 R:200 90
     2	13FG	Ref:1807989 1808188 1808388 Vir:+ 109 288 R:200 90
     3	13FG	Ref:2548088 2548287 2548487 Vir:+ 162 341 R:200 90
     4	13FG	Ref:2957544 2957743 2957943 Vir:- 179 358 R:200 90
     5	13FG	Ref:4335426 4335625 4335825 Vir:- 195 374 R:200 90
     6	13FG	Ref:7495611 7495810 7496010 Vir:- 223 402 R:200 90
     7	13FG	Ref:8127500 8127699 8127899 Vir:- 247 426 R:200 90
     8	13FG	Ref:8366745 8366944 8367144 Vir:+ 268 447 R:200 90
     9	13FG	Ref:9544273 9544472 9544672 Vir:- 302 481 R:200 90
    10	13FG	Ref:11429324 11429523 11429723 Vir:- 311 490 R:200 90
    11	13FG	Ref:11671495 11671694 11671894 Vir:+ 344 523 R:200 90
    12	13FG	Ref:12024368 12024567 12024767 Vir:- 346 525 R:200 90
    13	13FG	Ref:12101112 12101311 12101511 Vir:- 393 572 R:200 90
    14	13FG	Ref:12398108 12398307 12398507 Vir:+ 425 604 R:200 90
    15	13FG	Ref:13180168 13180367 13180567 Vir:- 431 610 R:200 90
    16	13FG	Ref:13186112 13186311 13186511 Vir:+ 483 662 R:200 90
    17	13FG	Ref:13624545 13624744 13624944 Vir:+ 532 711 R:200 90
    18	13FG	Ref:13729459 13729658 13729858 Vir:- 535 714 R:200 90
    19	13FG	Ref:14411693 14411892 14412092 Vir:+ 566 745 R:200 90
    20	13FG	Ref:15367077 15367276 15367476 Vir:- 578 757 R:200 90
    21	13FG	Ref:16837141 16837340 16837540 Vir:- 699 878 R:200 90
    22	13FG	Ref:18878712 18878911 18879111 Vir:- 734 913 R:200 90
    23	13FG	Ref:19097288 19097487 19097687 Vir:+ 750 929 R:200 90
    24	13FG	Ref:20112843 20113042 20113242 Vir:+ 788 967 R:200 90
    25	13FG	Ref:21556585 21556784 21556984 Vir:+ 824 1003 R:200 90
    26	13FG	Ref:24664773 24664972 24665172 Vir:- 848 1027 R:200 90
    27	13FG	Ref:24676457 24676656 24676856 Vir:+ 896 1075 R:200 90
    28	13FG	Ref:25387104 25387303 25387503 Vir:+ 912 1091 R:200 90
    29	13FG	Ref:26466537 26466736 26466936 Vir:- 923 1102 R:200 90
    30	13FG	Ref:27257939 27258138 27258338 Vir:+ 925 1104 R:200 90
    31	13FG	Ref:28544413 28544612 28544812 Vir:+ 958 1137 R:200 90
    32	13FG	Ref:29745506 29745705 29745905 Vir:- 979 1158 R:200 90
    33	13FG	Ref:30679542 30679741 30679941 Vir:- 1056 1235 R:200 90
    34	13FG	Ref:32410162 32410361 32410561 Vir:- 1063 1242 R:200 90
    35	13FG	Ref:32573100 32573299 32573499 Vir:+ 1085 1264 R:200 90
    36	13FG	Ref:34158393 34158592 34158792 Vir:+ 1090 1269 R:200 90
    37	13FG	Ref:34453652 34453851 34454051 Vir:+ 1096 1275 R:200 90
    38	13FG	Ref:34925283 34925482 34925682 Vir:+ 1097 1276 R:200 90
    39	13FG	Ref:35439936 35440135 35440335 Vir:- 1170 1349 R:200 90
    40	13FG	Ref:35460008 35460207 35460407 Vir:- 1199 1378 R:200 90
    41	13FG	Ref:35469080 35469279 35469479 Vir:- 1213 1392 R:200 90
    42	13FG	Ref:35563160 35563359 35563559 Vir:- 1234 1413 R:200 90
    43	13FG	Ref:35688775 35688974 35689174 Vir:- 1252 1431 R:200 90
    44	13FG	Ref:35692645 35692844 35693044 Vir:- 1263 1442 R:200 90
    45	13FG	Ref:36671646 36671845 36672045 Vir:+ 1270 1449 R:200 90
    46	13FG	Ref:37622680 37622879 37623079 Vir:+ 1277 1456 R:200 90
    47	13FG	Ref:38777083 38777282 38777482 Vir:- 1312 1491 R:200 90
    48	13FG	Ref:40003514 40003713 40003913 Vir:+ 1343 1522 R:200 90
    49	13FG	Ref:40464210 40464409 40464609 Vir:- 1418 1597 R:200 90
    50	13FG	Ref:40675888 40676087 40676287 Vir:+ 1470 1649 R:200 90
    51	13FG	Ref:43394150 43394349 43394549 Vir:+ 1486 1665 R:200 90
    52	13FG	Ref:44972495 44972694 44972894 Vir:- 1493 1672 R:200 90
    53	13FG	Ref:46734159 46734358 46734558 Vir:+ 1552 1731 R:200 90
    54	13FG	Ref:48459026 48459225 48459425 Vir:- 1568 1747 R:200 90
    55	13FG	Ref:49339409 49339608 49339808 Vir:+ 1612 1791 R:200 90
    56	13FG	Ref:49381427 49381626 49381826 Vir:+ 1630 1809 R:200 90
    57	13FG	Ref:50362944 50363143 50363343 Vir:+ 1675 1854 R:200 90
    58	13FG	Ref:50417282 50417481 50417681 Vir:- 1763 1942 R:200 90
    59	13FG	Ref:50862066 50862265 50862465 Vir:+ 1767 1946 R:200 90
    60	13FG	Ref:51099736 51099935 51100135 Vir:+ 1782 1961 R:200 90
    61	13FG	Ref:52601452 52601651 52601851 Vir:+ 1786 1965 R:200 90
    62	13FG	Ref:52707512 52707711 52707911 Vir:+ 1791 1970 R:200 90
    63	13FG	Ref:52926637 52926836 52927036 Vir:- 1872 2051 R:200 90
    64	13FG	Ref:53636173 53636372 53636572 Vir:+ 2019 2198 R:200 90
    65	13FG	Ref:54677347 54677546 54677746 Vir:+ 2035 2214 R:200 90
    66	13FG	Ref:55121641 55121840 55122040 Vir:- 2062 2241 R:200 90
    67	13FG	Ref:56176702 56176901 56177101 Vir:+ 2098 2277 R:200 90
    68	13FG	Ref:56781597 56781796 56781996 Vir:+ 2105 2284 R:200 90
    69	13FG	Ref:59473413 59473612 59473812 Vir:- 2128 2307 R:200 90
    70	13FG	Ref:59684046 59684245 59684445 Vir:+ 2155 2334 R:200 90
    71	13FG	Ref:59717448 59717647 59717847 Vir:- 2155 2334 R:200 90
    72	13FG	Ref:59735343 59735542 59735742 Vir:- 2159 2338 R:200 90
    73	13FG	Ref:59828228 59828427 59828627 Vir:- 2172 2351 R:200 90
    74	13FG	Ref:59884335 59884534 59884734 Vir:- 2200 2379 R:200 90
    75	13FG	Ref:60096838 60097037 60097237 Vir:- 2213 2392 R:200 90
    76	13FG	Ref:60115696 60115895 60116095 Vir:+ 2290 2469 R:200 90
    77	13FG	Ref:60994963 60995162 60995362 Vir:+ 2322 2501 R:200 90
    78	13FG	Ref:61965162 61965361 61965561 Vir:- 2323 2502 R:200 90
    79	13FG	Ref:63213670 63213869 63214069 Vir:+ 2338 2517 R:200 90
    80	13FG	Ref:64056213 64056412 64056612 Vir:+ 2340 2519 R:200 90
    81	13FG	Ref:66449632 66449831 66450031 Vir:+ 2350 2529 R:200 90
    82	13FG	Ref:67626009 67626208 67626408 Vir:- 2352 2531 R:200 90
    83	13FG	Ref:68898078 68898277 68898477 Vir:+ 2372 2551 R:200 90
    84	13FG	Ref:70004801 70005000 70005200 Vir:+ 2385 2564 R:200 90
    85	13FG	Ref:70444474 70444673 70444873 Vir:+ 2413 2592 R:200 90
    86	13FG	Ref:70520198 70520397 70520597 Vir:+ 2423 2602 R:200 90
    87	13FG	Ref:70570454 70570653 70570853 Vir:- 2440 2619 R:200 90
    88	13FG	Ref:70962361 70962560 70962760 Vir:+ 2441 2620 R:200 90
    89	13FG	Ref:71542995 71543194 71543394 Vir:+ 2447 2626 R:200 90
    90	13FG	Ref:72995362 72995561 72995761 Vir:- 2582 2761 R:200 90
    91	13FG	Ref:73045575 73045774 73045974 Vir:+ 2584 2763 R:200 90
    92	13FG	Ref:73578355 73578554 73578754 Vir:+ 2591 2770 R:200 90
    93	13FG	Ref:75201874 75202073 75202273 Vir:- 2610 2789 R:200 90
    94	13FG	Ref:76353276 76353475 76353675 Vir:- 2650 2829 R:200 90
    95	13FG	Ref:76500515 76500714 76500914 Vir:- 2662 2841 R:200 90
    96	13FG	Ref:77075122 77075321 77075521 Vir:- 2699 2878 R:200 90
    97	13FG	Ref:78386184 78386383 78386583 Vir:- 2802 2981 R:200 90
    98	13FG	Ref:79191379 79191578 79191778 Vir:+ 2851 3030 R:200 90
    99	13FG	Ref:79742368 79742567 79742767 Vir:- 2878 3057 R:200 90
   100	13FG	Ref:79852413 79852612 79852812 Vir:+ 2921 3100 R:200 90
   101	2D	Ref:891287 891486 891686 Vir:+ 45 89 R:200 90
   102	2D	Ref:1980457 1980656 1980856 Vir:- 105 149 R:200 90
   103	2D	Ref:2247882 2248081 2248281 Vir:+ 129 173 R:200 90
   104	2D	Ref:2416702 2416901 2417101 Vir:+ 135 179 R:200 90
   105	2D	Ref:2480562 2480761 2480961 Vir:- 143 187 R:200 90
   106	2D	Ref:4367028 4367227 4367427 Vir:+ 162 206 R:200 90
   107	2D	Ref:4398673 4398872 4399072 Vir:+ 170 214 R:200 90
   108	2D	Ref:7387112 7387311 7387511 Vir:- 170 214 R:200 90
   109	2D	Ref:7691760 7691959 7692159 Vir:+ 241 285 R:200 90
   110	2D	Ref:7796908 7797107 7797307 Vir:+ 283 327 R:200 90
   111	2D	Ref:7914578 7914777 7914977 Vir:- 285 329 R:200 90
   112	2D	Ref:8642401 8642600 8642800 Vir:- 286 330 R:200 90
   113	2D	Ref:10758399 10758598 10758798 Vir:- 300 344 R:200 90
   114	2D	Ref:11170995 11171194 11171394 Vir:+ 367 411 R:200 90
   115	2D	Ref:11393067 11393266 11393466 Vir:+ 368 412 R:200 90
   116	2D	Ref:11677672 11677871 11678071 Vir:- 420 464 R:200 90
   117	2D	Ref:11866261 11866460 11866660 Vir:+ 424 468 R:200 90
   118	2D	Ref:12616699 12616898 12617098 Vir:+ 458 502 R:200 90
   119	2D	Ref:13965906 13966105 13966305 Vir:+ 537 581 R:200 90
   120	2D	Ref:15949717 15949916 15950116 Vir:+ 572 616 R:200 90
   121	2D	Ref:17727600 17727799 17727999 Vir:+ 597 641 R:200 90
   122	2D	Ref:18300535 18300734 18300934 Vir:+ 616 660 R:200 90
   123	2D	Ref:19197121 19197320 19197520 Vir:- 680 724 R:200 90
   124	2D	Ref:19247401 19247600 19247800 Vir:+ 737 781 R:200 90
   125	2D	Ref:19830879 19831078 19831278 Vir:+ 737 781 R:200 90
   126	2D	Ref:22111233 22111432 22111632 Vir:- 762 806 R:200 90
   127	2D	Ref:23051631 23051830 23052030 Vir:+ 770 814 R:200 90
   128	2D	Ref:23211570 23211769 23211969 Vir:+ 863 907 R:200 90
   129	2D	Ref:23236808 23237007 23237207 Vir:- 882 926 R:200 90
   130	2D	Ref:23459149 23459348 23459548 Vir:+ 912 956 R:200 90
   131	2D	Ref:23719467 23719666 23719866 Vir:- 919 963 R:200 90
   132	2D	Ref:24710970 24711169 24711369 Vir:+ 930 974 R:200 90
   133	2D	Ref:25138036 25138235 25138435 Vir:- 987 1031 R:200 90
   134	2D	Ref:25213392 25213591 25213791 Vir:- 1001 1045 R:200 90
   135	2D	Ref:25382238 25382437 25382637 Vir:+ 1047 1091 R:200 90
   136	2D	Ref:25550623 25550822 25551022 Vir:+ 1067 1111 R:200 90
   137	2D	Ref:26687872 26688071 26688271 Vir:- 1134 1178 R:200 90
   138	2D	Ref:27041746 27041945 27042145 Vir:+ 1135 1179 R:200 90
   139	2D	Ref:28090182 28090381 28090581 Vir:- 1138 1182 R:200 90
   140	2D	Ref:30837923 30838122 30838322 Vir:+ 1143 1187 R:200 90
   141	2D	Ref:31384328 31384527 31384727 Vir:+ 1174 1218 R:200 90
   142	2D	Ref:32905663 32905862 32906062 Vir:- 1289 1333 R:200 90
   143	2D	Ref:34036524 34036723 34036923 Vir:- 1307 1351 R:200 90
   144	2D	Ref:34391275 34391474 34391674 Vir:- 1316 1360 R:200 90
   145	2D	Ref:34699383 34699582 34699782 Vir:- 1355 1399 R:200 90
   146	2D	Ref:38457757 38457956 38458156 Vir:+ 1371 1415 R:200 90
   147	2D	Ref:39497290 39497489 39497689 Vir:- 1376 1420 R:200 90
   148	2D	Ref:40405896 40406095 40406295 Vir:- 1489 1533 R:200 90
   149	2D	Ref:41168250 41168449 41168649 Vir:- 1507 1551 R:200 90
   150	2D	Ref:42880739 42880938 42881138 Vir:+ 1539 1583 R:200 90
   151	2D	Ref:44229570 44229769 44229969 Vir:- 1573 1617 R:200 90
   152	2D	Ref:44541344 44541543 44541743 Vir:- 1577 1621 R:200 90
   153	2D	Ref:45994810 45995009 45995209 Vir:- 1608 1652 R:200 90
   154	2D	Ref:46000432 46000631 46000831 Vir:+ 1680 1724 R:200 90
   155	2D	Ref:46301317 46301516 46301716 Vir:- 1731 1775 R:200 90
   156	2D	Ref:46426850 46427049 46427249 Vir:+ 1773 1817 R:200 90
   157	2D	Ref:47150991 47151190 47151390 Vir:+ 1841 1885 R:200 90
   158	2D	Ref:47666345 47666544 47666744 Vir:- 1877 1921 R:200 90
   159	2D	Ref:48551110 48551309 48551509 Vir:- 1906 1950 R:200 90
   160	2D	Ref:48694618 48694817 48695017 Vir:- 1914 1958 R:200 90
   161	2D	Ref:50609072 50609271 50609471 Vir:- 1931 1975 R:200 90
   162	2D	Ref:51269179 51269378 51269578 Vir:- 1969 2013 R:200 90
   163	2D	Ref:51565124 51565323 51565523 Vir:- 2038 2082 R:200 90
   164	2D	Ref:53509309 53509508 53509708 Vir:+ 2108 2152 R:200 90
   165	2D	Ref:53630797 53630996 53631196 Vir:- 2190 2234 R:200 90
   166	2D	Ref:54036608 54036807 54037007 Vir:- 2215 2259 R:200 90
   167	2D	Ref:54423340 54423539 54423739 Vir:- 2223 2267 R:200 90
   168	2D	Ref:54478631 54478830 54479030 Vir:- 2233 2277 R:200 90
   169	2D	Ref:56085911 56086110 56086310 Vir:+ 2244 2288 R:200 90
   170	2D	Ref:56293101 56293300 56293500 Vir:+ 2336 2380 R:200 90
   171	2D	Ref:56831866 56832065 56832265 Vir:- 2339 2383 R:200 90
   172	2D	Ref:57620196 57620395 57620595 Vir:+ 2344 2388 R:200 90
   173	2D	Ref:58671113 58671312 58671512 Vir:+ 2357 2401 R:200 90
   174	2D	Ref:60011476 60011675 60011875 Vir:- 2411 2455 R:200 90
   175	2D	Ref:60585250 60585449 60585649 Vir:- 2415 2459 R:200 90
   176	2D	Ref:64024279 64024478 64024678 Vir:+ 2425 2469 R:200 90
   177	2D	Ref:64725296 64725495 64725695 Vir:+ 2490 2534 R:200 90
   178	2D	Ref:64959717 64959916 64960116 Vir:- 2503 2547 R:200 90
   179	2D	Ref:65904213 65904412 65904612 Vir:- 2504 2548 R:200 90
   180	2D	Ref:66123117 66123316 66123516 Vir:- 2536 2580 R:200 90
   181	2D	Ref:66495521 66495720 66495920 Vir:- 2543 2587 R:200 90
   182	2D	Ref:67207464 67207663 67207863 Vir:- 2548 2592 R:200 90
   183	2D	Ref:67899426 67899625 67899825 Vir:- 2561 2605 R:200 90
   184	2D	Ref:67995049 67995248 67995448 Vir:- 2579 2623 R:200 90
   185	2D	Ref:68519817 68520016 68520216 Vir:- 2600 2644 R:200 90
   186	2D	Ref:70690926 70691125 70691325 Vir:+ 2630 2674 R:200 90
   187	2D	Ref:71183867 71184066 71184266 Vir:+ 2641 2685 R:200 90
   188	2D	Ref:71844297 71844496 71844696 Vir:- 2737 2781 R:200 90
   189	2D	Ref:71901447 71901646 71901846 Vir:+ 2750 2794 R:200 90
   190	2D	Ref:72359947 72360146 72360346 Vir:+ 2760 2804 R:200 90
   191	2D	Ref:72708864 72709063 72709263 Vir:+ 2776 2820 R:200 90
   192	2D	Ref:72788203 72788402 72788602 Vir:- 2777 2821 R:200 90
   193	2D	Ref:72922121 72922320 72922520 Vir:+ 2789 2833 R:200 90
   194	2D	Ref:73247400 73247599 73247799 Vir:- 2840 2884 R:200 90
   195	2D	Ref:73843405 73843604 73843804 Vir:- 2898 2942 R:200 90
   196	2D	Ref:75313816 75314015 75314215 Vir:+ 2902 2946 R:200 90
   197	2D	Ref:77204355 77204554 77204754 Vir:- 2951 2995 R:200 90
   198	2D	Ref:78902947 78903146 78903346 Vir:+ 3048 3092 R:200 90
   199	2D	Ref:79621011 79621210 79621410 Vir:+ 3092 3136 R:200 90
   200	2D	Ref:79927832 79928031 79928231 Vir:+ 3143 3187 R:200 90
   201	458AE	Ref:888922 889341 889761 Vir:+ 74 193 R:420 90
   202	458AE	Ref:1703426 1703845 1704265 Vir:+ 203 322 R:420 90
   203	458AE	Ref:2718221 2718640 2719060 Vir:- 207 326 R:420 90
   204	458AE	Ref:3296163 3296582 3297002 Vir:+ 234 353 R:420 90
   205	458AE	Ref:4023444 4023863 4024283 Vir:+ 237 356 R:420 90
   206	458AE	Ref:4251787 4252206 4252626 Vir:- 273 392 R:420 90
   207	458AE	Ref:5411188 5411607 5412027 Vir:+ 297 416 R:420 90
   208	458AE	Ref:5480389 5480808 5481228 Vir:+ 355 474 R:420 90
   209	458AE	Ref:9986861 9987280 9987700 Vir:+ 402 521 R:420 90
   210	458AE	Ref:11154846 11155265 11155685 Vir:- 430 549 R:420 90
   211	458AE	Ref:11930081 11930500 11930920 Vir:- 440 559 R:420 90
   212	458AE	Ref:12213156 12213575 12213995 Vir:- 578 697 R:420 90
   213	458AE	Ref:12745365 12745784 12746204 Vir:+ 659 778 R:420 90
   214	458AE	Ref:13334836 13335255 13335675 Vir:+ 662 781 R:420 90
   215	458AE	Ref:13980157 13980576 13980996 Vir:- 694 813 R:420 90
   216	458AE	Ref:14416087 14416506 14416926 Vir:+ 730 849 R:420 90
   217	458AE	Ref:18931163 18931582 18932002 Vir:+ 827 946 R:420 90
   218	458AE	Ref:19679389 19679808 19680228 Vir:- 896 1015 R:420 90
   219	458AE	Ref:19683402 19683821 19684241 Vir:- 910 1029 R:420 90
   220	458AE	Ref:20303729 20304148 20304568 Vir:- 925 1044 R:420 90
   221	458AE	Ref:20674642 20675061 20675481 Vir:+ 926 1045 R:420 90
   222	458AE	Ref:21828774 21829193 21829613 Vir:+ 932 1051 R:420 90
   223	458AE	Ref:22081180 22081599 22082019 Vir:- 970 1089 R:420 90
   224	458AE	Ref:23436619 23437038 23437458 Vir:- 982 1101 R:420 90
   225	458AE	Ref:24700556 24700975 24701395 Vir:+ 1007 1126 R:420 90
   226	458AE	Ref:25087687 25088106 25088526 Vir:- 1008 1127 R:420 90
   227	458AE	Ref:26589536 26589955 26590375 Vir:- 1020 1139 R:420 90
   228	458AE	Ref:26894477 26894896 26895316 Vir:- 1133 1252 R:420 90
   229	458AE	Ref:27261077 27261496 27261916 Vir:- 1156 1275 R:420 90
   230	458AE	Ref:27539926 27540345 27540765 Vir:+ 1169 1288 R:420 90
   231	458AE	Ref:28410549 28410968 28411388 Vir:+ 1185 1304 R:420 90
   232	458AE	Ref:30167464 30167883 30168303 Vir:- 1185 1304 R:420 90
   233	458AE	Ref:30600095 30600514 30600934 Vir:- 1228 1347 R:420 90
   234	458AE	Ref:31124123 31124542 31124962 Vir:+ 1241 1360 R:420 90
   235	458AE	Ref:32288769 32289188 32289608 Vir:+ 1245 1364 R:420 90
   236	458AE	Ref:33512917 33513336 33513756 Vir:+ 1250 1369 R:420 90
   237	458AE	Ref:33849292 33849711 33850131 Vir:+ 1285 1404 R:420 90
   238	458AE	Ref:36005235 36005654 36006074 Vir:- 1289 1408 R:420 90
   239	458AE	Ref:37383806 37384225 37384645 Vir:- 1289 1408 R:420 90
   240	458AE	Ref:37560447 37560866 37561286 Vir:- 1294 1413 R:420 90
   241	458AE	Ref:38584083 38584502 38584922 Vir:- 1301 1420 R:420 90
   242	458AE	Ref:40709128 40709547 40709967 Vir:+ 1329 1448 R:420 90
   243	458AE	Ref:41770063 41770482 41770902 Vir:- 1329 1448 R:420 90
   244	458AE	Ref:41851517 41851936 41852356 Vir:- 1336 1455 R:420 90
   245	458AE	Ref:42855742 42856161 42856581 Vir:+ 1344 1463 R:420 90
   246	458AE	Ref:43719431 43719850 43720270 Vir:+ 1455 1574 R:420 90
   247	458AE	Ref:43879489 43879908 43880328 Vir:- 1540 1659 R:420 90
   248	458AE	Ref:44193953 44194372 44194792 Vir:+ 1605 1724 R:420 90
   249	458AE	Ref:45252937 45253356 45253776 Vir:- 1632 1751 R:420 90
   250	458AE	Ref:45585397 45585816 45586236 Vir:+ 1636 1755 R:420 90
   251	458AE	Ref:46882921 46883340 46883760 Vir:+ 1647 1766 R:420 90
   252	458AE	Ref:48747810 48748229 48748649 Vir:+ 1669 1788 R:420 90
   253	458AE	Ref:48816410 48816829 48817249 Vir:- 1686 1805 R:420 90
   254	458AE	Ref:49291655 49292074 49292494 Vir:- 1717 1836 R:420 90
   255	458AE	Ref:49613555 49613974 49614394 Vir:- 1729 1848 R:420 90
   256	458AE	Ref:50581988 50582407 50582827 Vir:+ 1747 1866 R:420 90
   257	458AE	Ref:50583918 50584337 50584757 Vir:+ 1784 1903 R:420 90
   258	458AE	Ref:51609346 51609765 51610185 Vir:+ 1796 1915 R:420 90
   259	458AE	Ref:53370789 53371208 53371628 Vir:+ 1819 1938 R:420 90
   260	458AE	Ref:54190553 54190972 54191392 Vir:+ 1885 2004 R:420 90
   261	458AE	Ref:55955308 55955727 55956147 Vir:+ 1885 2004 R:420 90
   262	458AE	Ref:56137375 56137794 56138214 Vir:- 1976 2095 R:420 90
   263	458AE	Ref:56225641 56226060 56226480 Vir:+ 1978 2097 R:420 90
   264	458AE	Ref:56346822 56347241 56347661 Vir:+ 1981 2100 R:420 90
   265	458AE	Ref:56468651 56469070 56469490 Vir:- 1992 2111 R:420 90
   266	458AE	Ref:57191421 57191840 57192260 Vir:+ 2085 2204 R:420 90
   267	458AE	Ref:58220157 58220576 58220996 Vir:- 2113 2232 R:420 90
   268	458AE	Ref:59586917 59587336 59587756 Vir:+ 2120 2239 R:420 90
   269	458AE	Ref:59675606 59676025 59676445 Vir:+ 2179 2298 R:420 90
   270	458AE	Ref:61042982 61043401 61043821 Vir:- 2181 2300 R:420 90
   271	458AE	Ref:61312734 61313153 61313573 Vir:- 2181 2300 R:420 90
   272	458AE	Ref:61614596 61615015 61615435 Vir:- 2232 2351 R:420 90
   273	458AE	Ref:61752007 61752426 61752846 Vir:+ 2272 2391 R:420 90
   274	458AE	Ref:62274408 62274827 62275247 Vir:- 2320 2439 R:420 90
   275	458AE	Ref:62768957 62769376 62769796 Vir:- 2372 2491 R:420 90
   276	458AE	Ref:64146142 64146561 64146981 Vir:- 2382 2501 R:420 90
   277	458AE	Ref:64599020 64599439 64599859 Vir:+ 2389 2508 R:420 90
   278	458AE	Ref:64918418 64918837 64919257 Vir:- 2434 2553 R:420 90
   279	458AE	Ref:65002174 65002593 65003013 Vir:+ 2473 2592 R:420 90
   280	458AE	Ref:65824109 65824528 65824948 Vir:+ 2506 2625 R:420 90
   281	458AE	Ref:66361716 66362135 66362555 Vir:+ 2544 2663 R:420 90
   282	458AE	Ref:66908521 66908940 66909360 Vir:- 2547 2666 R:420 90
   283	458AE	Ref:67439464 67439883 67440303 Vir:- 2582 2701 R:420 90
   284	458AE	Ref:67605073 67605492 67605912 Vir:- 2600 2719 R:420 90
   285	458AE	Ref:67678282 67678701 67679121 Vir:- 2612 2731 R:420 90
   286	458AE	Ref:67763120 67763539 67763959 Vir:+ 2627 2746 R:420 90
   287	458AE	Ref:69088410 69088829 69089249 Vir:- 2631 2750 R:420 90
   288	458AE	Ref:69157070 69157489 69157909 Vir:+ 2647 2766 R:420 90
   289	458AE	Ref:71856209 71856628 71857048 Vir:- 2652 2771 R:420 90
   290	458AE	Ref:71931484 71931903 71932323 Vir:+ 2707 2826 R:420 90
   291	458AE	Ref:72038345 72038764 72039184 Vir:+ 2712 2831 R:420 90
   292	458AE	Ref:72930025 72930444 72930864 Vir:- 2739 2858 R:420 90
   293	458AE	Ref:73497820 73498239 73498659 Vir:- 2747 2866 R:420 90
   294	458AE	Ref:73574836 73575255 73575675 Vir:- 2807 2926 R:420 90
   295	458AE	Ref:75891146 75891565 75891985 Vir:- 2807 2926 R:420 90
   296	458AE	Ref:76116812 76117231 76117651 Vir:- 2920 3039 R:420 90
   297	458AE	Ref:76489205 76489624 76490044 Vir:+ 2923 3042 R:420 90
   298	458AE	Ref:77456092 77456511 77456931 Vir:+ 2951 3070 R:420 90
   299	458AE	Ref:78795557 78795976 78796396 Vir:+ 2951 3070 R:420 90
   300	458AE	Ref:80137330 80137749 80138169 Vir:+ 2987 3106 R:420 90
   301	6	Ref:643287 643436 643586 Vir:- 64 183 R:150 90
   302	6	Ref:1107649 1107798 1107948 Vir:- 76 195 R:150 90
   303	6	Ref:2540933 2541082 2541232 Vir:+ 84 203 R:150 90
   304	6	Ref:8859383 8859532 8859682 Vir:+ 95 214 R:150 90
   305	6	Ref:9276298 9276447 9276597 Vir:+ 151 270 R:150 90
   306	6	Ref:10204322 10204471 10204621 Vir:+ 198 317 R:150 90
   307	6	Ref:10373809 10373958 10374108 Vir:+ 224 343 R:150 90
   308	6	Ref:10727698 10727847 10727997 Vir:+ 280 399 R:150 90
   309	6	Ref:10929906 10930055 10930205 Vir:+ 404 523 R:150 90
   310	6	Ref:10962328 10962477 10962627 Vir:- 410 529 R:150 90
   311	6	Ref:14194168 14194317 14194467 Vir:- 458 577 R:150 90
   312	6	Ref:15269830 15269979 15270129 Vir:+ 476 595 R:150 90
   313	6	Ref:15402989 15403138 15403288 Vir:+ 480 599 R:150 90
   314	6	Ref:17630606 17630755 17630905 Vir:- 519 638 R:150 90
   315	6	Ref:17707824 17707973 17708123 Vir:- 531 650 R:150 90
   316	6	Ref:18237245 18237394 18237544 Vir:- 541 660 R:150 90
   317	6	Ref:18471506 18471655 18471805 Vir:- 561 680 R:150 90
   318	6	Ref:18545168 18545317 18545467 Vir:+ 622 741 R:150 90
   319	6	Ref:18572934 18573083 18573233 Vir:+ 634 753 R:150 90
   320	6	Ref:20077104 20077253 20077403 Vir:- 708 827 R:150 90
   321	6	Ref:20231748 20231897 20232047 Vir:- 718 837 R:150 90
   322	6	Ref:22567737 22567886 22568036 Vir:+ 759 878 R:150 90
   323	6	Ref:23547221 23547370 23547520 Vir:+ 761 880 R:150 90
   324	6	Ref:25708225 25708374 25708524 Vir:+ 762 881 R:150 90
   325	6	Ref:25968178 25968327 25968477 Vir:- 773 892 R:150 90
   326	6	Ref:26134429 26134578 26134728 Vir:+ 782 901 R:150 90
   327	6	Ref:26173253 26173402 26173552 Vir:+ 795 914 R:150 90
   328	6	Ref:26992830 26992979 26993129 Vir:- 813 932 R:150 90
   329	6	Ref:27646340 27646489 27646639 Vir:+ 829 948 R:150 90
   330	6	Ref:27826902 27827051 27827201 Vir:- 926 1045 R:150 90
   331	6	Ref:29370392 29370541 29370691 Vir:- 1032 1151 R:150 90
   332	6	Ref:31841668 31841817 31841967 Vir:- 1165 1284 R:150 90
   333	6	Ref:32007193 32007342 32007492 Vir:+ 1167 1286 R:150 90
   334	6	Ref:33366509 33366658 33366808 Vir:- 1167 1286 R:150 90
   335	6	Ref:33413851 33414000 33414150 Vir:- 1169 1288 R:150 90
   336	6	Ref:33840579 33840728 33840878 Vir:- 1174 1293 R:150 90
   337	6	Ref:34600559 34600708 34600858 Vir:- 1177 1296 R:150 90
   338	6	Ref:35134651 35134800 35134950 Vir:- 1213 1332 R:150 90
   339	6	Ref:36156260 36156409 36156559 Vir:+ 1291 1410 R:150 90
   340	6	Ref:36708131 36708280 36708430 Vir:+ 1294 1413 R:150 90
   341	6	Ref:38091951 38092100 38092250 Vir:- 1295 1414 R:150 90
   342	6	Ref:39445712 39445861 39446011 Vir:+ 1357 1476 R:150 90
   343	6	Ref:39865342 39865491 39865641 Vir:+ 1358 1477 R:150 90
   344	6	Ref:40628095 40628244 40628394 Vir:- 1397 1516 R:150 90
   345	6	Ref:41499290 41499439 41499589 Vir:+ 1449 1568 R:150 90
   346	6	Ref:41924179 41924328 41924478 Vir:- 1452 1571 R:150 90
   347	6	Ref:42352070 42352219 42352369 Vir:+ 1499 1618 R:150 90
   348	6	Ref:43583877 43584026 43584176 Vir:+ 1539 1658 R:150 90
   349	6	Ref:43988964 43989113 43989263 Vir:- 1542 1661 R:150 90
   350	6	Ref:45311260 45311409 45311559 Vir:- 1560 1679 R:150 90
   351	6	Ref:45314442 45314591 45314741 Vir:+ 1563 1682 R:150 90
   352	6	Ref:47355196 47355345 47355495 Vir:- 1623 1742 R:150 90
   353	6	Ref:47519192 47519341 47519491 Vir:+ 1664 1783 R:150 90
   354	6	Ref:47640794 47640943 47641093 Vir:- 1666 1785 R:150 90
   355	6	Ref:49299867 49300016 49300166 Vir:- 1704 1823 R:150 90
   356	6	Ref:49418752 49418901 49419051 Vir:- 1724 1843 R:150 90
   357	6	Ref:50012477 50012626 50012776 Vir:- 1781 1900 R:150 90
   358	6	Ref:50103409 50103558 50103708 Vir:- 1819 1938 R:150 90
   359	6	Ref:50430682 50430831 50430981 Vir:- 1846 1965 R:150 90
   360	6	Ref:51114252 51114401 51114551 Vir:+ 1875 1994 R:150 90
   361	6	Ref:54763103 54763252 54763402 Vir:+ 1893 2012 R:150 90
   362	6	Ref:56009832 56009981 56010131 Vir:- 1921 2040 R:150 90
   363	6	Ref:56269788 56269937 56270087 Vir:+ 1969 2088 R:150 90
   364	6	Ref:56863514 56863663 56863813 Vir:- 2119 2238 R:150 90
   365	6	Ref:57810004 57810153 57810303 Vir:- 2184 2303 R:150 90
   366	6	Ref:58638559 58638708 58638858 Vir:- 2205 2324 R:150 90
   367	6	Ref:59442098 59442247 59442397 Vir:+ 2279 2398 R:150 90
   368	6	Ref:59884739 59884888 59885038 Vir:- 2322 2441 R:150 90
   369	6	Ref:61308004 61308153 61308303 Vir:- 2417 2536 R:150 90
   370	6	Ref:61461895 61462044 61462194 Vir:+ 2423 2542 R:150 90
   371	6	Ref:62499877 62500026 62500176 Vir:+ 2435 2554 R:150 90
   372	6	Ref:63206263 63206412 63206562 Vir:+ 2446 2565 R:150 90
   373	6	Ref:63426237 63426386 63426536 Vir:+ 2451 2570 R:150 90
   374	6	Ref:64063198 64063347 64063497 Vir:+ 2453 2572 R:150 90
   375	6	Ref:64616957 64617106 64617256 Vir:+ 2466 2585 R:150 90
   376	6	Ref:65618085 65618234 65618384 Vir:+ 2488 2607 R:150 90
   377	6	Ref:66074767 66074916 66075066 Vir:- 2502 2621 R:150 90
   378	6	Ref:66130225 66130374 66130524 Vir:- 2506 2625 R:150 90
   379	6	Ref:66199165 66199314 66199464 Vir:- 2546 2665 R:150 90
   380	6	Ref:68096179 68096328 68096478 Vir:- 2585 2704 R:150 90
   381	6	Ref:68154292 68154441 68154591 Vir:- 2613 2732 R:150 90
   382	6	Ref:68175647 68175796 68175946 Vir:+ 2635 2754 R:150 90
   383	6	Ref:68315482 68315631 68315781 Vir:- 2645 2764 R:150 90
   384	6	Ref:69508156 69508305 69508455 Vir:+ 2670 2789 R:150 90
   385	6	Ref:69680224 69680373 69680523 Vir:- 2682 2801 R:150 90
   386	6	Ref:69714832 69714981 69715131 Vir:- 2707 2826 R:150 90
   387	6	Ref:70013377 70013526 70013676 Vir:+ 2714 2833 R:150 90
   388	6	Ref:70122985 70123134 70123284 Vir:+ 2718 2837 R:150 90
   389	6	Ref:70796427 70796576 70796726 Vir:- 2722 2841 R:150 90
   390	6	Ref:71000816 71000965 71001115 Vir:- 2846 2965 R:150 90
   391	6	Ref:71159241 71159390 71159540 Vir:- 2897 3016 R:150 90
   392	6	Ref:72319553 72319702 72319852 Vir:- 2902 3021 R:150 90
   393	6	Ref:72711842 72711991 72712141 Vir:- 2914 3033 R:150 90
   394	6	Ref:73615466 73615615 73615765 Vir:+ 2941 3060 R:150 90
   395	6	Ref:75772409 75772558 75772708 Vir:- 2943 3062 R:150 90
   396	6	Ref:75906779 75906928 75907078 Vir:- 2959 3078 R:150 90
   397	6	Ref:76151462 76151611 76151761 Vir:- 2971 3090 R:150 90
   398	6	Ref:77358722 77358871 77359021 Vir:- 3010 3129 R:150 90
   399	6	Ref:77360413 77360562 77360712 Vir:+ 3014 3133 R:150 90
   400	6	Ref:79263688 79263837 79263987 Vir:- 3030 3149 R:150 90
   401	7C	Ref:401595 401744 401894 Vir:+ 36 80 R:150 90
   402	7C	Ref:818319 818468 818618 Vir:- 40 84 R:150 90
   403	7C	Ref:1203529 1203678 1203828 Vir:- 117 161 R:150 90
   404	7C	Ref:2740504 2740653 2740803 Vir:+ 119 163 R:150 90
   405	7C	Ref:5333667 5333816 5333966 Vir:- 127 171 R:150 90
   406	7C	Ref:5384640 5384789 5384939 Vir:+ 145 189 R:150 90
   407	7C	Ref:5820142 5820291 5820441 Vir:- 189 233 R:150 90
   408	7C	Ref:6387821 6387970 6388120 Vir:- 192 236 R:150 90
   409	7C	Ref:7613578 7613727 7613877 Vir:+ 206 250 R:150 90
   410	7C	Ref:7650791 7650940 7651090 Vir:+ 246 290 R:150 90
   411	7C	Ref:9054670 9054819 9054969 Vir:+ 283 327 R:150 90
   412	7C	Ref:10255173 10255322 10255472 Vir:+ 422 466 R:150 90
   413	7C	Ref:10762116 10762265 10762415 Vir:+ 439 483 R:150 90
   414	7C	Ref:11830022 11830171 11830321 Vir:- 444 488 R:150 90
   415	7C	Ref:11857981 11858130 11858280 Vir:+ 459 503 R:150 90
   416	7C	Ref:14047742 14047891 14048041 Vir:+ 541 585 R:150 90
   417	7C	Ref:14216217 14216366 14216516 Vir:+ 577 621 R:150 90
   418	7C	Ref:14791832 14791981 14792131 Vir:- 639 683 R:150 90
   419	7C	Ref:14817879 14818028 14818178 Vir:+ 690 734 R:150 90
   420	7C	Ref:16280916 16281065 16281215 Vir:- 713 757 R:150 90
   421	7C	Ref:16775862 16776011 16776161 Vir:+ 728 772 R:150 90
   422	7C	Ref:17082207 17082356 17082506 Vir:+ 761 805 R:150 90
   423	7C	Ref:17248502 17248651 17248801 Vir:- 783 827 R:150 90
   424	7C	Ref:17921859 17922008 17922158 Vir:- 808 852 R:150 90
   425	7C	Ref:18015278 18015427 18015577 Vir:- 841 885 R:150 90
   426	7C	Ref:19884897 19885046 19885196 Vir:+ 854 898 R:150 90
   427	7C	Ref:21412894 21413043 21413193 Vir:+ 985 1029 R:150 90
   428	7C	Ref:22506417 22506566 22506716 Vir:+ 1007 1051 R:150 90
   429	7C	Ref:23429041 23429190 23429340 Vir:+ 1055 1099 R:150 90
   430	7C	Ref:23632491 23632640 23632790 Vir:+ 1078 1122 R:150 90
   431	7C	Ref:24320442 24320591 24320741 Vir:+ 1079 1123 R:150 90
   432	7C	Ref:24552977 24553126 24553276 Vir:+ 1135 1179 R:150 90
   433	7C	Ref:24683326 24683475 24683625 Vir:+ 1206 1250 R:150 90
   434	7C	Ref:24975152 24975301 24975451 Vir:+ 1213 1257 R:150 90
   435	7C	Ref:25119847 25119996 25120146 Vir:- 1358 1402 R:150 90
   436	7C	Ref:25873620 25873769 25873919 Vir:+ 1454 1498 R:150 90
   437	7C	Ref:28209844 28209993 28210143 Vir:- 1462 1506 R:150 90
   438	7C	Ref:29084969 29085118 29085268 Vir:- 1486 1530 R:150 90
   439	7C	Ref:31653219 31653368 31653518 Vir:+ 1516 1560 R:150 90
   440	7C	Ref:31878816 31878965 31879115 Vir:- 1584 1628 R:150 90
   441	7C	Ref:33458597 33458746 33458896 Vir:+ 1645 1689 R:150 90
   442	7C	Ref:33895170 33895319 33895469 Vir:- 1655 1699 R:150 90
   443	7C	Ref:34168830 34168979 34169129 Vir:+ 1671 1715 R:150 90
   444	7C	Ref:35296197 35296346 35296496 Vir:- 1684 1728 R:150 90
   445	7C	Ref:35980519 35980668 35980818 Vir:- 1694 1738 R:150 90
   446	7C	Ref:36256987 36257136 36257286 Vir:- 1715 1759 R:150 90
   447	7C	Ref:38171617 38171766 38171916 Vir:- 1724 1768 R:150 90
   448	7C	Ref:39236067 39236216 39236366 Vir:+ 1760 1804 R:150 90
   449	7C	Ref:39506500 39506649 39506799 Vir:+ 1777 1821 R:150 90
   450	7C	Ref:40014223 40014372 40014522 Vir:+ 1790 1834 R:150 90
   451	7C	Ref:41396174 41396323 41396473 Vir:- 1800 1844 R:150 90
   452	7C	Ref:41948685 41948834 41948984 Vir:- 1815 1859 R:150 90
   453	7C	Ref:43416154 43416303 43416453 Vir:- 1820 1864 R:150 90
   454	7C	Ref:45458202 45458351 45458501 Vir:- 1824 1868 R:150 90
   455	7C	Ref:45693376 45693525 45693675 Vir:- 1900 1944 R:150 90
   456	7C	Ref:45746227 45746376 45746526 Vir:- 1905 1949 R:150 90
   457	7C	Ref:46813106 46813255 46813405 Vir:- 1936 1980 R:150 90
   458	7C	Ref:48041248 48041397 48041547 Vir:- 2001 2045 R:150 90
   459	7C	Ref:49174418 49174567 49174717 Vir:+ 2018 2062 R:150 90
   460	7C	Ref:49273377 49273526 49273676 Vir:- 2022 2066 R:150 90
   461	7C	Ref:50274529 50274678 50274828 Vir:+ 2027 2071 R:150 90
   462	7C	Ref:52472610 52472759 52472909 Vir:- 2099 2143 R:150 90
   463	7C	Ref:52830275 52830424 52830574 Vir:+ 2117 2161 R:150 90
   464	7C	Ref:52868463 52868612 52868762 Vir:+ 2137 2181 R:150 90
   465	7C	Ref:52976503 52976652 52976802 Vir:- 2143 2187 R:150 90
   466	7C	Ref:53094752 53094901 53095051 Vir:- 2155 2199 R:150 90
   467	7C	Ref:53734998 53735147 53735297 Vir:+ 2174 2218 R:150 90
   468	7C	Ref:55013734 55013883 55014033 Vir:+ 2250 2294 R:150 90
   469	7C	Ref:55784839 55784988 55785138 Vir:+ 2251 2295 R:150 90
   470	7C	Ref:56282699 56282848 56282998 Vir:+ 2274 2318 R:150 90
   471	7C	Ref:58244737 58244886 58245036 Vir:+ 2297 2341 R:150 90
   472	7C	Ref:58986135 58986284 58986434 Vir:+ 2322 2366 R:150 90
   473	7C	Ref:59170037 59170186 59170336 Vir:- 2412 2456 R:150 90
   474	7C	Ref:60932071 60932220 60932370 Vir:+ 2424 2468 R:150 90
   475	7C	Ref:61151475 61151624 61151774 Vir:+ 2446 2490 R:150 90
   476	7C	Ref:62912196 62912345 62912495 Vir:- 2452 2496 R:150 90
   477	7C	Ref:63060534 63060683 63060833 Vir:+ 2458 2502 R:150 90
   478	7C	Ref:63825407 63825556 63825706 Vir:+ 2461 2505 R:150 90
   479	7C	Ref:66809425 66809574 66809724 Vir:- 2489 2533 R:150 90
   480	7C	Ref:67144578 67144727 67144877 Vir:+ 2494 2538 R:150 90
   481	7C	Ref:67747932 67748081 67748231 Vir:- 2540 2584 R:150 90
   482	7C	Ref:68229757 68229906 68230056 Vir:- 2548 2592 R:150 90
   483	7C	Ref:68670384 68670533 68670683 Vir:- 2553 2597 R:150 90
   484	7C	Ref:68968617 68968766 68968916 Vir:+ 2565 2609 R:150 90
   485	7C	Ref:69375412 69375561 69375711 Vir:- 2602 2646 R:150 90
   486	7C	Ref:70059066 70059215 70059365 Vir:- 2623 2667 R:150 90
   487	7C	Ref:70771598 70771747 70771897 Vir:- 2635 2679 R:150 90
   488	7C	Ref:71576847 71576996 71577146 Vir:- 2636 2680 R:150 90
   489	7C	Ref:71979493 71979642 71979792 Vir:- 2650 2694 R:150 90
   490	7C	Ref:72712815 72712964 72713114 Vir:- 2718 2762 R:150 90
   491	7C	Ref:74045532 74045681 74045831 Vir:+ 2741 2785 R:150 90
   492	7C	Ref:74812974 74813123 74813273 Vir:+ 2747 2791 R:150 90
   493	7C	Ref:75825840 75825989 75826139 Vir:+ 2808 2852 R:150 90
   494	7C	Ref:75846732 75846881 75847031 Vir:+ 2979 3023 R:150 90
   495	7C	Ref:77417990 77418139 77418289 Vir:- 3005 3049 R:150 90
   496	7C	Ref:78296638 78296787 78296937 Vir:- 3097 3141 R:150 90
   497	7C	Ref:78577548 78577697 78577847 Vir:+ 3097 3141 R:150 90
   498	7C	Ref:79371742 79371891 79372041 Vir:- 3133 3177 R:150 90
   499	7C	Ref:79550726 79550875 79551025 Vir:- 3140 3184 R:150 90
   500	7C	Ref:80050314 80050463 80050613 Vir:+ 3144 3188 R:150 90
   501	9	Ref:340147 340346 340546 Vir:+ 137 256 R:200 90
   502	9	Ref:989623 989822 990022 Vir:- 172 291 R:200 90
   503	9	Ref:1375704 1375903 1376103 Vir:+ 189 308 R:200 90
   504	9	Ref:1805876 1806075 1806275 Vir:+ 196 315 R:200 90
   505	9	Ref:1991240 1991439 1991639 Vir:+ 216 335 R:200 90
   506	9	Ref:3415144 3415343 3415543 Vir:- 281 400 R:200 90
   507	9	Ref:5089512 5089711 5089911 Vir:+ 335 454 R:200 90
   508	9	Ref:5428129 5428328 5428528 Vir:+ 341 460 R:200 90
   509	9	Ref:8236780 8236979 8237179 Vir:- 419 538 R:200 90
   510	9	Ref:8863234 8863433 8863633 Vir:+ 430 549 R:200 90
   511	9	Ref:10630083 10630282 10630482 Vir:+ 431 550 R:200 90
   512	9	Ref:11238241 11238440 11238640 Vir:+ 457 576 R:200 90
   513	9	Ref:11348181 11348380 11348580 Vir:- 463 582 R:200 90
   514	9	Ref:11495497 11495696 11495896 Vir:+ 494 613 R:200 90
   515	9	Ref:12020419 12020618 12020818 Vir:- 529 648 R:200 90
   516	9	Ref:12606910 12607109 12607309 Vir:+ 533 652 R:200 90
   517	9	Ref:13775936 13776135 13776335 Vir:+ 546 665 R:200 90
   518	9	Ref:14281165 14281364 14281564 Vir:+ 571 690 R:200 90
   519	9	Ref:14534985 14535184 14535384 Vir:+ 652 771 R:200 90
   520	9	Ref:15050367 15050566 15050766 Vir:+ 663 782 R:200 90
   521	9	Ref:15481991 15482190 15482390 Vir:- 677 796 R:200 90
   522	9	Ref:15819764 15819963 15820163 Vir:- 707 826 R:200 90
   523	9	Ref:15966852 15967051 15967251 Vir:+ 710 829 R:200 90
   524	9	Ref:16727830 16728029 16728229 Vir:+ 729 848 R:200 90
   525	9	Ref:18450491 18450690 18450890 Vir:+ 736 855 R:200 90
   526	9	Ref:18626409 18626608 18626808 Vir:+ 747 866 R:200 90
   527	9	Ref:19885728 19885927 19886127 Vir:- 778 897 R:200 90
   528	9	Ref:20931912 20932111 20932311 Vir:+ 868 987 R:200 90
   529	9	Ref:20970803 20971002 20971202 Vir:+ 871 990 R:200 90
   530	9	Ref:21721665 21721864 21722064 Vir:+ 872 991 R:200 90
   531	9	Ref:22015714 22015913 22016113 Vir:+ 926 1045 R:200 90
   532	9	Ref:22290884 22291083 22291283 Vir:- 948 1067 R:200 90
   533	9	Ref:22382038 22382237 22382437 Vir:+ 1038 1157 R:200 90
   534	9	Ref:22499608 22499807 22500007 Vir:+ 1053 1172 R:200 90
   535	9	Ref:23043948 23044147 23044347 Vir:- 1111 1230 R:200 90
   536	9	Ref:23485645 23485844 23486044 Vir:+ 1203 1322 R:200 90
   537	9	Ref:24624676 24624875 24625075 Vir:+ 1235 1354 R:200 90
   538	9	Ref:25138636 25138835 25139035 Vir:+ 1241 1360 R:200 90
   539	9	Ref:27048481 27048680 27048880 Vir:- 1250 1369 R:200 90
   540	9	Ref:27187151 27187350 27187550 Vir:+ 1335 1454 R:200 90
   541	9	Ref:27940937 27941136 27941336 Vir:- 1353 1472 R:200 90
   542	9	Ref:31386349 31386548 31386748 Vir:+ 1381 1500 R:200 90
   543	9	Ref:31868438 31868637 31868837 Vir:- 1394 1513 R:200 90
   544	9	Ref:32494887 32495086 32495286 Vir:- 1422 1541 R:200 90
   545	9	Ref:33275380 33275579 33275779 Vir:- 1474 1593 R:200 90
   546	9	Ref:33327992 33328191 33328391 Vir:- 1486 1605 R:200 90
   547	9	Ref:35322896 35323095 35323295 Vir:- 1532 1651 R:200 90
   548	9	Ref:35447509 35447708 35447908 Vir:+ 1536 1655 R:200 90
   549	9	Ref:35468323 35468522 35468722 Vir:+ 1585 1704 R:200 90
   550	9	Ref:35562698 35562897 35563097 Vir:- 1616 1735 R:200 90
   551	9	Ref:36095462 36095661 36095861 Vir:+ 1633 1752 R:200 90
   552	9	Ref:39269363 39269562 39269762 Vir:- 1703 1822 R:200 90
   553	9	Ref:39929228 39929427 39929627 Vir:- 1717 1836 R:200 90
   554	9	Ref:42090691 42090890 42091090 Vir:+ 1725 1844 R:200 90
   555	9	Ref:43138354 43138553 43138753 Vir:+ 1785 1904 R:200 90
   556	9	Ref:45687797 45687996 45688196 Vir:+ 1788 1907 R:200 90
   557	9	Ref:46091388 46091587 46091787 Vir:- 1821 1940 R:200 90
   558	9	Ref:48964439 48964638 48964838 Vir:- 1829 1948 R:200 90
   559	9	Ref:49857153 49857352 49857552 Vir:+ 1844 1963 R:200 90
   560	9	Ref:50289063 50289262 50289462 Vir:+ 1915 2034 R:200 90
   561	9	Ref:51412331 51412530 51412730 Vir:+ 1953 2072 R:200 90
   562	9	Ref:51803787 51803986 51804186 Vir:- 1964 2083 R:200 90
   563	9	Ref:51961455 51961654 51961854 Vir:+ 1985 2104 R:200 90
   564	9	Ref:53299830 53300029 53300229 Vir:+ 2029 2148 R:200 90
   565	9	Ref:54052667 54052866 54053066 Vir:- 2074 2193 R:200 90
   566	9	Ref:54433432 54433631 54433831 Vir:- 2093 2212 R:200 90
   567	9	Ref:55135827 55136026 55136226 Vir:+ 2104 2223 R:200 90
   568	9	Ref:55154683 55154882 55155082 Vir:+ 2149 2268 R:200 90
   569	9	Ref:58041547 58041746 58041946 Vir:- 2195 2314 R:200 90
   570	9	Ref:58274978 58275177 58275377 Vir:- 2247 2366 R:200 90
   571	9	Ref:58742369 58742568 58742768 Vir:- 2330 2449 R:200 90
   572	9	Ref:59650409 59650608 59650808 Vir:- 2343 2462 R:200 90
   573	9	Ref:59823038 59823237 59823437 Vir:+ 2372 2491 R:200 90
   574	9	Ref:60718153 60718352 60718552 Vir:- 2469 2588 R:200 90
   575	9	Ref:61069738 61069937 61070137 Vir:- 2499 2618 R:200 90
   576	9	Ref:61086643 61086842 61087042 Vir:+ 2505 2624 R:200 90
   577	9	Ref:61358290 61358489 61358689 Vir:- 2539 2658 R:200 90
   578	9	Ref:62298860 62299059 62299259 Vir:+ 2542 2661 R:200 90
   579	9	Ref:62305610 62305809 62306009 Vir:+ 2547 2666 R:200 90
   580	9	Ref:62941553 62941752 62941952 Vir:+ 2552 2671 R:200 90
   581	9	Ref:64209493 64209692 64209892 Vir:- 2577 2696 R:200 90
   582	9	Ref:65222902 65223101 65223301 Vir:- 2596 2715 R:200 90
   583	9	Ref:66422406 66422605 66422805 Vir:- 2633 2752 R:200 90
   584	9	Ref:66808151 66808350 66808550 Vir:- 2640 2759 R:200 90
   585	9	Ref:66994205 66994404 66994604 Vir:- 2653 2772 R:200 90
   586	9	Ref:67212558 67212757 67212957 Vir:- 2680 2799 R:200 90
   587	9	Ref:68325793 68325992 68326192 Vir:- 2689 2808 R:200 90
   588	9	Ref:68562423 68562622 68562822 Vir:+ 2695 2814 R:200 90
   589	9	Ref:68689225 68689424 68689624 Vir:- 2733 2852 R:200 90
   590	9	Ref:69788120 69788319 69788519 Vir:- 2762 2881 R:200 90
   591	9	Ref:72327707 72327906 72328106 Vir:- 2763 2882 R:200 90
   592	9	Ref:73165108 73165307 73165507 Vir:- 2765 2884 R:200 90
   593	9	Ref:73682270 73682469 73682669 Vir:- 2776 2895 R:200 90
   594	9	Ref:74029924 74030123 74030323 Vir:+ 2780 2899 R:200 90
   595	9	Ref:74112795 74112994 74113194 Vir:+ 2854 2973 R:200 90
   596	9	Ref:74249361 74249560 74249760 Vir:+ 2858 2977 R:200 90
   597	9	Ref:74894024 74894223 74894423 Vir:- 2918 3037 R:200 90
   598	9	Ref:75303895 75304094 75304294 Vir:- 2920 3039 R:200 90
   599	9	Ref:76317883 76318082 76318282 Vir:- 2921 3040 R:200 90
   600	9	Ref:78259643 78259842 78260042 Vir:+ 3015 3134 R:200 90
   601	B	Ref:53372 53471 53571 Vir:+ 78 122 R:100 90
   602	B	Ref:138165 138264 138364 Vir:+ 204 248 R:100 90
   603	B	Ref:336212 336311 336411 Vir:+ 260 304 R:100 90
   604	B	Ref:794230 794329 794429 Vir:- 276 320 R:100 90
   605	B	Ref:2151313 2151412 2151512 Vir:+ 281 325 R:100 90
   606	B	Ref:2152271 2152370 2152470 Vir:- 300 344 R:100 90
   607	B	Ref:4335358 4335457 4335557 Vir:- 313 357 R:100 90
   608	B	Ref:5148813 5148912 5149012 Vir:- 376 420 R:100 90
   609	B	Ref:6421009 6421108 6421208 Vir:+ 389 433 R:100 90
   610	B	Ref:7160671 7160770 7160870 Vir:+ 393 437 R:100 90
   611	B	Ref:7370087 7370186 7370286 Vir:- 408 452 R:100 90
   612	B	Ref:7695024 7695123 7695223 Vir:- 417 461 R:100 90
   613	B	Ref:8381875 8381974 8382074 Vir:+ 437 481 R:100 90
   614	B	Ref:10528584 10528683 10528783 Vir:- 461 505 R:100 90
   615	B	Ref:11482818 11482917 11483017 Vir:+ 511 555 R:100 90
   616	B	Ref:12039370 12039469 12039569 Vir:- 514 558 R:100 90
   617	B	Ref:12345333 12345432 12345532 Vir:- 522 566 R:100 90
   618	B	Ref:13340960 13341059 13341159 Vir:- 593 637 R:100 90
   619	B	Ref:13422049 13422148 13422248 Vir:+ 600 644 R:100 90
   620	B	Ref:14000292 14000391 14000491 Vir:- 621 665 R:100 90
   621	B	Ref:17225512 17225611 17225711 Vir:+ 623 667 R:100 90
   622	B	Ref:17764867 17764966 17765066 Vir:- 624 668 R:100 90
   623	B	Ref:17955463 17955562 17955662 Vir:- 717 761 R:100 90
   624	B	Ref:21068549 21068648 21068748 Vir:+ 772 816 R:100 90
   625	B	Ref:21498415 21498514 21498614 Vir:- 827 871 R:100 90
   626	B	Ref:21890809 21890908 21891008 Vir:- 860 904 R:100 90
   627	B	Ref:22848057 22848156 22848256 Vir:+ 914 958 R:100 90
   628	B	Ref:22852890 22852989 22853089 Vir:- 929 973 R:100 90
   629	B	Ref:25257493 25257592 25257692 Vir:- 986 1030 R:100 90
   630	B	Ref:25593899 25593998 25594098 Vir:+ 1018 1062 R:100 90
   631	B	Ref:27361715 27361814 27361914 Vir:- 1052 1096 R:100 90
   632	B	Ref:27398094 27398193 27398293 Vir:+ 1092 1136 R:100 90
   633	B	Ref:28205071 28205170 28205270 Vir:- 1137 1181 R:100 90
   634	B	Ref:28353211 28353310 28353410 Vir:- 1152 1196 R:100 90
   635	B	Ref:28800967 28801066 28801166 Vir:- 1218 1262 R:100 90
   636	B	Ref:29579512 29579611 29579711 Vir:+ 1229 1273 R:100 90
   637	B	Ref:30414872 30414971 30415071 Vir:+ 1258 1302 R:100 90
   638	B	Ref:30689435 30689534 30689634 Vir:- 1279 1323 R:100 90
   639	B	Ref:31938715 31938814 31938914 Vir:- 1287 1331 R:100 90
   640	B	Ref:32393607 32393706 32393806 Vir:- 1290 1334 R:100 90
   641	B	Ref:32685843 32685942 32686042 Vir:- 1297 1341 R:100 90
   642	B	Ref:33024870 33024969 33025069 Vir:- 1330 1374 R:100 90
   643	B	Ref:33385737 33385836 33385936 Vir:- 1358 1402 R:100 90
   644	B	Ref:33647304 33647403 33647503 Vir:- 1360 1404 R:100 90
   645	B	Ref:33703991 33704090 33704190 Vir:+ 1468 1512 R:100 90
   646	B	Ref:33838096 33838195 33838295 Vir:+ 1689 1733 R:100 90
   647	B	Ref:35250660 35250759 35250859 Vir:- 1750 1794 R:100 90
   648	B	Ref:37466795 37466894 37466994 Vir:+ 1782 1826 R:100 90
   649	B	Ref:37882357 37882456 37882556 Vir:- 1803 1847 R:100 90
   650	B	Ref:38273076 38273175 38273275 Vir:+ 1811 1855 R:100 90
   651	B	Ref:39319650 39319749 39319849 Vir:+ 1826 1870 R:100 90
   652	B	Ref:41439008 41439107 41439207 Vir:- 1843 1887 R:100 90
   653	B	Ref:41774596 41774695 41774795 Vir:- 1844 1888 R:100 90
   654	B	Ref:41963997 41964096 41964196 Vir:+ 1857 1901 R:100 90
   655	B	Ref:42595302 42595401 42595501 Vir:- 1872 1916 R:100 90
   656	B	Ref:43369976 43370075 43370175 Vir:+ 1908 1952 R:100 90
   657	B	Ref:43535998 43536097 43536197 Vir:+ 1923 1967 R:100 90
   658	B	Ref:43889377 43889476 43889576 Vir:+ 1928 1972 R:100 90
   659	B	Ref:44784559 44784658 44784758 Vir:- 1947 1991 R:100 90
   660	B	Ref:46710162 46710261 46710361 Vir:- 1992 2036 R:100 90
   661	B	Ref:46752616 46752715 46752815 Vir:+ 1995 2039 R:100 90
   662	B	Ref:48245009 48245108 48245208 Vir:- 2000 2044 R:100 90
   663	B	Ref:50217869 50217968 50218068 Vir:+ 2080 2124 R:100 90
   664	B	Ref:50408318 50408417 50408517 Vir:+ 2092 2136 R:100 90
   665	B	Ref:51250746 51250845 51250945 Vir:- 2132 2176 R:100 90
   666	B	Ref:52829073 52829172 52829272 Vir:- 2233 2277 R:100 90
   667	B	Ref:53550708 53550807 53550907 Vir:- 2278 2322 R:100 90
   668	B	Ref:55557347 55557446 55557546 Vir:- 2314 2358 R:100 90
   669	B	Ref:56565498 56565597 56565697 Vir:- 2318 2362 R:100 90
   670	B	Ref:58720339 58720438 58720538 Vir:+ 2367 2411 R:100 90
   671	B	Ref:58825334 58825433 58825533 Vir:+ 2370 2414 R:100 90
   672	B	Ref:59094921 59095020 59095120 Vir:- 2395 2439 R:100 90
   673	B	Ref:59432185 59432284 59432384 Vir:- 2403 2447 R:100 90
   674	B	Ref:60161408 60161507 60161607 Vir:- 2439 2483 R:100 90
   675	B	Ref:60732652 60732751 60732851 Vir:+ 2482 2526 R:100 90
   676	B	Ref:60904566 60904665 60904765 Vir:+ 2496 2540 R:100 90
   677	B	Ref:61364439 61364538 61364638 Vir:- 2548 2592 R:100 90
   678	B	Ref:64401524 64401623 64401723 Vir:+ 2559 2603 R:100 90
   679	B	Ref:64885831 64885930 64886030 Vir:- 2564 2608 R:100 90
   680	B	Ref:65890964 65891063 65891163 Vir:+ 2564 2608 R:100 90
   681	B	Ref:66027995 66028094 66028194 Vir:+ 2581 2625 R:100 90
   682	B	Ref:66185758 66185857 66185957 Vir:- 2582 2626 R:100 90
   683	B	Ref:68760245 68760344 68760444 Vir:- 2585 2629 R:100 90
   684	B	Ref:69280074 69280173 69280273 Vir:+ 2588 2632 R:100 90
   685	B	Ref:70182483 70182582 70182682 Vir:+ 2624 2668 R:100 90
   686	B	Ref:72855778 72855877 72855977 Vir:+ 2697 2741 R:100 90
   687	B	Ref:73119400 73119499 73119599 Vir:- 2697 2741 R:100 90
   688	B	Ref:73693932 73694031 73694131 Vir:+ 2701 2745 R:100 90
   689	B	Ref:74657529 74657628 74657728 Vir:+ 2702 2746 R:100 90
   690	B	Ref:74814797 74814896 74814996 Vir:+ 2736 2780 R:100 90
   691	B	Ref:76343699 76343798 76343898 Vir:+ 2771 2815 R:100 90
   692	B	Ref:76398236 76398335 76398435 Vir:+ 2789 2833 R:100 90
   693	B	Ref:76688690 76688789 76688889 Vir:+ 2827 2871 R:100 90
   694	B	Ref:76825951 76826050 76826150 Vir:+ 2834 2878 R:100 90
   695	B	Ref:77371465 77371564 77371664 Vir:- 2849 2893 R:100 90
   696	B	Ref:77724581 77724680 77724780 Vir:+ 2951 2995 R:100 90
   697	B	Ref:77910532 77910631 77910731 Vir:- 3010 3054 R:100 90
   698	B	Ref:78577505 78577604 78577704 Vir:+ 3031 3075 R:100 90
   699	B	Ref:79431490 79431589 79431689 Vir:- 3033 3077 R:100 90
   700	B	Ref:79812259 79812358 79812458 Vir:+ 3112 3156 R:100 90
